<?xml version="1.0" encoding="UTF-8"?>
<!-- Generated by org.testng.reporters.JUnitXMLReporter -->
<testsuite ignored="1" hostname="rajhansji" failures="0" tests="2" name="Test" time="0.038" errors="0" timestamp="31 Mar 2023 11:59:35 GMT">
  <testcase classname="com.practice.DemoTest" name="test1" time="0.01"/>
  <testcase classname="com.practice.DemoTest" name="test2" time="0.002"/>
  <testcase classname="com.practice.Test2" name="testD" time="0.0">
    <ignored/>
  </testcase> <!-- testD -->
</testsuite> <!-- Test -->
