<?xml version="1.0" encoding="UTF-8"?>
<testng-results ignored="0" total="1" passed="1" failed="0" skipped="0">
  <reporter-output>
  </reporter-output>
  <suite started-at="2023-03-31T12:07:42Z" name="Default suite" finished-at="2023-03-31T12:07:42Z" duration-ms="29">
    <groups>
    </groups>
    <test started-at="2023-03-31T12:07:42Z" name="Default test" finished-at="2023-03-31T12:07:42Z" duration-ms="29">
      <class name="com.practice.RunConfig">
        <test-method signature="runConfig()[pri:0, instance:com.practice.RunConfig@5e3d57c7]" started-at="2023-03-31T12:07:42Z" name="runConfig" finished-at="2023-03-31T12:07:42Z" duration-ms="8" status="PASS">
          <reporter-output>
          </reporter-output>
        </test-method> <!-- runConfig -->
      </class> <!-- com.practice.RunConfig -->
    </test> <!-- Default test -->
  </suite> <!-- Default suite -->
</testng-results>
